<?xml version="1.0" encoding="UTF-8"?>
<testsuite xmlns:xsi="http://www.w3.org/2001/XMLSchema-instance" xsi:noNamespaceSchemaLocation="https://maven.apache.org/surefire/maven-surefire-plugin/xsd/surefire-test-report-3.0.xsd" version="3.0" name="com.learning.junit5.EmployeeTest" time="0.038" tests="3" errors="1" skipped="0" failures="2">
  <properties>
[...]
</properties>
  <testcase name="testEmployeeTotalSalary" classname="com.learning.junit5.EmployeeTest" time="0.021">
    <failure type="org.opentest4j.AssertionFailedError"><![CDATA[org.opentest4j.AssertionFailedError: Test to check Employee Total salary ==> expected: <110.0> but was: <210.0>
	at com.learning.junit5.EmployeeTest.testEmployeeTotalSalary(EmployeeTest.java:22)
]]></failure>
  </testcase>
  <testcase name="testExceptionHandling" classname="com.learning.junit5.EmployeeTest" time="0.001">
    <error type="java.lang.ArithmeticException"><![CDATA[java.lang.ArithmeticException: / by zero
	at com.learning.junit5.EmployeeTest.testExceptionHandling(EmployeeTest.java:27)
]]></error>
  </testcase>
  <testcase name="testemployeeVariableSalary" classname="com.learning.junit5.EmployeeTest" time="0">
    <failure type="org.opentest4j.AssertionFailedError"><![CDATA[org.opentest4j.AssertionFailedError: Test to check Employee Variable salary ==> expected: <10.0> but was: <0.0>
	at com.learning.junit5.EmployeeTest.testemployeeVariableSalary(EmployeeTest.java:14)
]]></failure>
  </testcase>
</testsuite>